
*** Running vivado
    with args -log vga_iniciales.vds -m64 -product Vivado -mode batch -messageDb vivado.pb -notrace -source vga_iniciales.tcl


ECHO est  desactivado.
ECHO est  desactivado.

****** Vivado v2023.1 (64-bit)
  **** SW Build 3865809 on Sun May  7 15:05:29 MDT 2023
  **** IP Build 3864474 on Sun May  7 20:36:21 MDT 2023
  **** SharedData Build 3865790 on Sun May 07 13:33:03 MDT 2023
    ** Copyright 1986-2022 Xilinx, Inc. All Rights Reserved.
    ** Copyright 2022-2023 Advanced Micro Devices, Inc. All Rights Reserved.

source vga_iniciales.tcl -notrace
create_project: Time (s): cpu = 00:00:08 ; elapsed = 00:00:15 . Memory (MB): peak = 461.871 ; gain = 199.910
Command: synth_design -top vga_iniciales -part xc7a35tcpg236-1
Starting synth_design
Attempting to get a license for feature 'Synthesis' and/or device 'xc7a35t'
INFO: [Common 17-349] Got license for feature 'Synthesis' and/or device 'xc7a35t'
INFO: [Device 21-403] Loading part xc7a35tcpg236-1
INFO: [Synth 8-7079] Multithreading enabled for synth_design using a maximum of 2 processes.
INFO: [Synth 8-7078] Launching helper process for spawning children vivado processes
INFO: [Synth 8-7075] Helper process launched with PID 9972
---------------------------------------------------------------------------------
Starting RTL Elaboration : Time (s): cpu = 00:00:05 ; elapsed = 00:00:09 . Memory (MB): peak = 1272.629 ; gain = 409.570
---------------------------------------------------------------------------------
INFO: [Synth 8-638] synthesizing module 'vga_iniciales' [E:/FESC/SISTEMAS DIGITALES/vga_iniciales/vga_iniciales.srcs/sources_1/new/vga_iniciales.vhd:51]
ERROR: [Synth 8-421] mismatched array sizes in rhs and lhs of assignment [E:/FESC/SISTEMAS DIGITALES/vga_iniciales/vga_iniciales.srcs/sources_1/new/vga_iniciales.vhd:52]
ERROR: [Synth 8-285] failed synthesizing module 'vga_iniciales' [E:/FESC/SISTEMAS DIGITALES/vga_iniciales/vga_iniciales.srcs/sources_1/new/vga_iniciales.vhd:51]
---------------------------------------------------------------------------------
Finished RTL Elaboration : Time (s): cpu = 00:00:06 ; elapsed = 00:00:11 . Memory (MB): peak = 1362.016 ; gain = 498.957
---------------------------------------------------------------------------------
RTL Elaboration failed
INFO: [Common 17-83] Releasing license: Synthesis
7 Infos, 0 Warnings, 0 Critical Warnings and 3 Errors encountered.
synth_design failed
ERROR: [Common 17-69] Command failed: Synthesis failed - please see the console or run log file for details
INFO: [Common 17-206] Exiting Vivado at Wed Nov 29 11:40:09 2023...
